0 info it worked if it ends with ok
1 verbose cli [ '/usr/bin/node', '/usr/bin/npm', 'install', 'lodash', '--save' ]
2 info using npm@1.4.21
3 info using node@v10.15.2
4 warn package.json feature-policy-demos@1.0.0 No repository field.
5 verbose readDependencies using package.json deps
6 verbose cache add [ 'lodash', null ]
7 verbose cache add name=undefined spec="lodash" args=["lodash",null]
8 verbose parsed url Url {
8 verbose parsed url   protocol: null,
8 verbose parsed url   slashes: null,
8 verbose parsed url   auth: null,
8 verbose parsed url   host: null,
8 verbose parsed url   port: null,
8 verbose parsed url   hostname: null,
8 verbose parsed url   hash: null,
8 verbose parsed url   search: null,
8 verbose parsed url   query: null,
8 verbose parsed url   pathname: 'lodash',
8 verbose parsed url   path: 'lodash',
8 verbose parsed url   href: 'lodash' }
9 silly lockFile 901466a5-lodash lodash
10 verbose lock lodash /usr/local/google/home/lunalu/.npm/901466a5-lodash.lock
11 silly lockFile 901466a5-lodash lodash
12 silly lockFile 901466a5-lodash lodash
13 verbose addNamed [ 'lodash', '' ]
14 verbose addNamed [ null, '*' ]
15 silly lockFile f856e425-lodash lodash@
16 verbose lock lodash@ /usr/local/google/home/lunalu/.npm/f856e425-lodash.lock
17 silly addNameRange { name: 'lodash', range: '*', hasData: false }
18 verbose request where is /lodash
19 verbose request registry https://registry.npmjs.org/
20 verbose request id 7623ce096b0a892b
21 verbose url raw /lodash
22 verbose url resolving [ 'https://registry.npmjs.org/', './lodash' ]
23 verbose url resolved https://registry.npmjs.org/lodash
24 verbose request where is https://registry.npmjs.org/lodash
25 info trying registry request attempt 1 at 11:19:52 AM
26 http GET https://registry.npmjs.org/lodash
27 http 200 https://registry.npmjs.org/lodash
28 silly registry.get cb [ 200,
28 silly registry.get   { date: 'Mon, 13 May 2019 15:19:52 GMT',
28 silly registry.get     'content-type': 'application/json',
28 silly registry.get     'transfer-encoding': 'chunked',
28 silly registry.get     connection: 'close',
28 silly registry.get     'set-cookie':
28 silly registry.get      [ '__cfduid=d6eb2e1ba94b16734fc4eaa753b19f88e1557760792; expires=Tue, 12-May-20 15:19:52 GMT; path=/; domain=.registry.npmjs.org; HttpOnly' ],
28 silly registry.get     'cf-cache-status': 'HIT',
28 silly registry.get     'cache-control': 'max-age=300',
28 silly registry.get     'cf-ray': '4d659cf9b9c0caac-YYZ',
28 silly registry.get     etag: 'W/"25ac173ed9e6a33292d4c81a72c0a7ef"',
28 silly registry.get     'expect-ct':
28 silly registry.get      'max-age=604800, report-uri="https://report-uri.cloudflare.com/cdn-cgi/beacon/expect-ct"',
28 silly registry.get     'last-modified': 'Tue, 07 May 2019 15:25:46 GMT',
28 silly registry.get     vary: 'accept-encoding, accept',
28 silly registry.get     'x-amz-meta-rev': '2470-0deb4460c52dee0ea4fe988ff22d1799',
28 silly registry.get     server: 'cloudflare',
28 silly registry.get     'content-encoding': 'gzip' } ]
29 silly addNameRange number 2 { name: 'lodash', range: '*', hasData: true }
30 silly addNameRange versions [ 'lodash',
30 silly addNameRange   [ '0.1.0',
30 silly addNameRange     '0.2.0',
30 silly addNameRange     '0.2.1',
30 silly addNameRange     '0.2.2',
30 silly addNameRange     '0.3.0',
30 silly addNameRange     '0.3.1',
30 silly addNameRange     '0.3.2',
30 silly addNameRange     '0.4.0',
30 silly addNameRange     '0.4.1',
30 silly addNameRange     '0.4.2',
30 silly addNameRange     '0.5.0-rc.1',
30 silly addNameRange     '0.5.0',
30 silly addNameRange     '0.5.1',
30 silly addNameRange     '0.5.2',
30 silly addNameRange     '0.6.0',
30 silly addNameRange     '0.6.1',
30 silly addNameRange     '0.7.0',
30 silly addNameRange     '0.8.0',
30 silly addNameRange     '0.8.1',
30 silly addNameRange     '0.8.2',
30 silly addNameRange     '0.9.0',
30 silly addNameRange     '0.9.1',
30 silly addNameRange     '0.9.2',
30 silly addNameRange     '0.10.0',
30 silly addNameRange     '1.0.0-rc.1',
30 silly addNameRange     '1.0.0-rc.2',
30 silly addNameRange     '1.0.0-rc.3',
30 silly addNameRange     '1.0.0',
30 silly addNameRange     '1.0.1',
30 silly addNameRange     '1.1.0',
30 silly addNameRange     '1.1.1',
30 silly addNameRange     '1.2.0',
30 silly addNameRange     '1.2.1',
30 silly addNameRange     '1.3.0',
30 silly addNameRange     '1.3.1',
30 silly addNameRange     '2.0.0',
30 silly addNameRange     '2.1.0',
30 silly addNameRange     '2.2.0',
30 silly addNameRange     '2.2.1',
30 silly addNameRange     '2.3.0',
30 silly addNameRange     '2.4.0',
30 silly addNameRange     '2.4.1',
30 silly addNameRange     '3.0.0',
30 silly addNameRange     '3.0.1',
30 silly addNameRange     '3.1.0',
30 silly addNameRange     '3.2.0',
30 silly addNameRange     '3.3.0',
30 silly addNameRange     '3.3.1',
30 silly addNameRange     '3.4.0',
30 silly addNameRange     '3.5.0',
30 silly addNameRange     '3.6.0',
30 silly addNameRange     '1.0.2',
30 silly addNameRange     '3.7.0',
30 silly addNameRange     '2.4.2',
30 silly addNameRange     '3.8.0',
30 silly addNameRange     '3.9.0',
30 silly addNameRange     '3.9.1',
30 silly addNameRange     '3.9.2',
30 silly addNameRange     '3.9.3',
30 silly addNameRange     '3.10.0',
30 silly addNameRange     '3.10.1',
30 silly addNameRange     '4.0.0',
30 silly addNameRange     '4.0.1',
30 silly addNameRange     '4.1.0',
30 silly addNameRange     '4.2.0',
30 silly addNameRange     '4.2.1',
30 silly addNameRange     '4.3.0',
30 silly addNameRange     '4.4.0',
30 silly addNameRange     '4.5.0',
30 silly addNameRange     '4.5.1',
30 silly addNameRange     '4.6.0',
30 silly addNameRange     '4.6.1',
30 silly addNameRange     '4.7.0',
30 silly addNameRange     '4.8.0',
30 silly addNameRange     '4.8.1',
30 silly addNameRange     '4.8.2',
30 silly addNameRange     '4.9.0',
30 silly addNameRange     '4.10.0',
30 silly addNameRange     '4.11.0',
30 silly addNameRange     '4.11.1',
30 silly addNameRange     '4.11.2',
30 silly addNameRange     '4.12.0',
30 silly addNameRange     '4.13.0',
30 silly addNameRange     '4.13.1',
30 silly addNameRange     '4.14.0',
30 silly addNameRange     '4.14.1',
30 silly addNameRange     '4.14.2',
30 silly addNameRange     '4.15.0',
30 silly addNameRange     '4.16.0',
30 silly addNameRange     '4.16.1',
30 silly addNameRange     '4.16.2',
30 silly addNameRange     '4.16.3',
30 silly addNameRange     '4.16.4',
30 silly addNameRange     '4.16.5',
30 silly addNameRange     '4.16.6',
30 silly addNameRange     '4.17.0',
30 silly addNameRange     '4.17.1',
30 silly addNameRange     '4.17.2',
30 silly addNameRange     '4.17.3',
30 silly addNameRange     '4.17.4',
30 silly addNameRange     ... 4 more items ] ]
31 verbose addNamed [ 'lodash', '4.17.11' ]
32 verbose addNamed [ '4.17.11', '4.17.11' ]
33 silly lockFile 83639251-lodash-4-17-11 lodash@4.17.11
34 verbose lock lodash@4.17.11 /usr/local/google/home/lunalu/.npm/83639251-lodash-4-17-11.lock
35 silly lockFile d22ac01a-js-org-lodash-lodash-4-17-11-tgz https://registry.npmjs.org/lodash/-/lodash-4.17.11.tgz
36 verbose lock https://registry.npmjs.org/lodash/-/lodash-4.17.11.tgz /usr/local/google/home/lunalu/.npm/d22ac01a-js-org-lodash-lodash-4-17-11-tgz.lock
37 verbose addRemoteTarball [ 'https://registry.npmjs.org/lodash/-/lodash-4.17.11.tgz',
37 verbose addRemoteTarball   'b39ea6229ef607ecd89e2c8df12536891cac9b8d' ]
38 info retry fetch attempt 1 at 11:19:52 AM
39 verbose fetch to= /tmp/npm-13292-YdXd8xaN/registry.npmjs.org/lodash/-/lodash-4.17.11.tgz
40 http GET https://registry.npmjs.org/lodash/-/lodash-4.17.11.tgz
41 http 200 https://registry.npmjs.org/lodash/-/lodash-4.17.11.tgz
42 silly lockFile d22ac01a-js-org-lodash-lodash-4-17-11-tgz https://registry.npmjs.org/lodash/-/lodash-4.17.11.tgz
43 silly lockFile d22ac01a-js-org-lodash-lodash-4-17-11-tgz https://registry.npmjs.org/lodash/-/lodash-4.17.11.tgz
44 silly lockFile 83639251-lodash-4-17-11 lodash@4.17.11
45 silly lockFile 83639251-lodash-4-17-11 lodash@4.17.11
46 silly lockFile f856e425-lodash lodash@
47 silly lockFile f856e425-lodash lodash@
48 silly resolved [ { name: 'lodash',
48 silly resolved     version: '4.17.11',
48 silly resolved     description: 'Lodash modular utilities.',
48 silly resolved     keywords: [ 'modules', 'stdlib', 'util' ],
48 silly resolved     homepage: 'https://lodash.com/',
48 silly resolved     repository:
48 silly resolved      { type: 'git', url: 'git+https://github.com/lodash/lodash.git' },
48 silly resolved     icon: 'https://lodash.com/icon.svg',
48 silly resolved     license: 'MIT',
48 silly resolved     main: 'lodash.js',
48 silly resolved     author:
48 silly resolved      { name: 'John-David Dalton',
48 silly resolved        email: 'john.david.dalton@gmail.com',
48 silly resolved        url: 'http://allyoucanleet.com/' },
48 silly resolved     contributors: [ [Object], [Object] ],
48 silly resolved     scripts:
48 silly resolved      { test:
48 silly resolved         'echo "See https://travis-ci.org/lodash-archive/lodash-cli for testing details."' },
48 silly resolved     bugs: { url: 'https://github.com/lodash/lodash/issues' },
48 silly resolved     _id: 'lodash@4.17.11',
48 silly resolved     _npmVersion: '6.3.0',
48 silly resolved     _nodeVersion: '6.2.0',
48 silly resolved     _npmUser: { name: 'jdalton', email: 'john.david.dalton@gmail.com' },
48 silly resolved     dist:
48 silly resolved      { integrity:
48 silly resolved         'sha512-cQKh8igo5QUhZ7lg38DYWAxMvjSAKG0A8wGSVimP07SIUEK2UO+arSRKbRZWtelMtN5V0Hkwh5ryOto/SshYIg==',
48 silly resolved        shasum: 'b39ea6229ef607ecd89e2c8df12536891cac9b8d',
48 silly resolved        tarball: 'https://registry.npmjs.org/lodash/-/lodash-4.17.11.tgz',
48 silly resolved        fileCount: 1049,
48 silly resolved        unpackedSize: 1399577,
48 silly resolved        'npm-signature':
48 silly resolved         '-----BEGIN PGP SIGNATURE-----\r\nVersion: OpenPGP.js v3.0.4\r\nComment: https://openpgpjs.org\r\n\r\nwsFcBAEBCAAQBQJbmVuwCRA9TVsSAnZWagAAqa0QAI92r3JGIJd0+pwZv30y\nOnUXbuHXryhRrlMLFy3jmfGPoEDa7moz3UF/iJvUHet19ctz4/RZKIK5jhmW\nW7d1RiMUh1PcQ9wfeiLmp1E4xvg92tG+l+k/4H5URDFqlmXbbP7hvI4cVXdX\nTH5knUONoKavtC73HfvMhxpJgEtgWrY5KYpjp4Jb+A9iQrJweIpnPx7GAYzW\n5vJ4eJahlnX5l+ikJRZoUxJIr0NbZQlBIr7jK/KbMcINmxEPKr3OO3M9h9md\ncHMGmnP/J9IpQpxkm9fzks5LEOs1Gm20nA01g2JlsWkiIJCWHLXLG9p1if/b\nt9QV0I2bTMfQwpM8twC8ub6+u9r2dj/gP2cmJCH97wyIRpeSxNYXkFjT34ll\nDvtYcde6YW8O28mmCndj+e71On1cqEo0laahuDeDU5vdKVCs4X+RJongDpz7\nXwTP4TCG4il4JBWvyXbDWe/717wcCOye01STklRgAi+l44G+Kbi9fqUhHInj\nruVW9I7IjRJuVTj32Ud6losqdy0O0qOr2lAoCqc1Zx7E2KnP7EHnMHBd8zL7\nQq+DKpsWgG/RFsZJdu09Yl2Oa992so3gHRy+afTkyciUH/CWYEi4dv3DRIIa\ncUZCz4OJ1N9UZpbIIFypFmGEUvd1liwx+SJwGf4zzJ3LkTdwjW5WPREx0waQ\nMdj6\r\n=JzE4\r\n-----END PGP SIGNATURE-----\r\n' },
48 silly resolved     maintainers: [ [Object], [Object] ],
48 silly resolved     directories: {},
48 silly resolved     _npmOperationalInternal:
48 silly resolved      { host: 's3://npm-registry-packages',
48 silly resolved        tmp: 'tmp/lodash_4.17.11_1536777135932_0.2638891224123521' },
48 silly resolved     _hasShrinkwrap: false,
48 silly resolved     _shasum: 'b39ea6229ef607ecd89e2c8df12536891cac9b8d',
48 silly resolved     _from: 'lodash@',
48 silly resolved     _resolved: 'https://registry.npmjs.org/lodash/-/lodash-4.17.11.tgz' } ]
49 info install lodash@4.17.11 into /usr/local/google/home/lunalu/feature-policy-demos
50 info installOne lodash@4.17.11
51 verbose node_modules/lodash unbuild
52 verbose tar unpack /usr/local/google/home/lunalu/.npm/lodash/4.17.11/package.tgz
53 silly lockFile 5ceac657-policy-demos-node-modules-lodash tar:///usr/local/google/home/lunalu/feature-policy-demos/node_modules/lodash
54 verbose lock tar:///usr/local/google/home/lunalu/feature-policy-demos/node_modules/lodash /usr/local/google/home/lunalu/.npm/5ceac657-policy-demos-node-modules-lodash.lock
55 silly lockFile 1eac328b-u-npm-lodash-4-17-11-package-tgz tar:///usr/local/google/home/lunalu/.npm/lodash/4.17.11/package.tgz
56 verbose lock tar:///usr/local/google/home/lunalu/.npm/lodash/4.17.11/package.tgz /usr/local/google/home/lunalu/.npm/1eac328b-u-npm-lodash-4-17-11-package-tgz.lock
57 silly gunzTarPerm modes [ '750', '640' ]
58 error TypeError: Cannot read property 'match' of undefined
58 error     at Unpack.extractOpts.filter (/usr/share/npm/lib/utils/tar.js:245:19)
58 error     at Unpack.[consumeHeader] (/usr/lib/nodejs/tar/lib/parse.js:134:48)
58 error     at Unpack.[consumeChunkSub] (/usr/lib/nodejs/tar/lib/parse.js:385:30)
58 error     at Unpack.[consumeChunk] (/usr/lib/nodejs/tar/lib/parse.js:362:30)
58 error     at Unpack.write (/usr/lib/nodejs/tar/lib/parse.js:309:25)
58 error     at Unzip.ondata (_stream_readable.js:667:20)
58 error     at Unzip.emit (events.js:189:13)
58 error     at addChunk (_stream_readable.js:284:12)
58 error     at readableAddChunk (_stream_readable.js:265:11)
58 error     at Unzip.Readable.push (_stream_readable.js:220:10)
59 error If you need help, you may report this *entire* log,
59 error including the npm and node versions, at:
59 error     <http://github.com/npm/npm/issues>
60 error System Linux 4.19.28-2rodete1-amd64
61 error command "/usr/bin/node" "/usr/bin/npm" "install" "lodash" "--save"
62 error cwd /usr/local/google/home/lunalu/feature-policy-demos/public/demos
63 error node -v v10.15.2
64 error npm -v 1.4.21
65 verbose exit [ 1, true ]
